# JRE version: OpenJDK Runtime Environment (11.0.12+7) (build 11.0.12+7-b1504.28-7817840)
# Java VM: OpenJDK 64-Bit Server VM (11.0.12+7-b1504.28-7817840, mixed mode, tiered, compressed oops, g1 gc, windows-amd64)
Heap:
 garbage-first heap   total 473088K, used 237296K [0x0000000080000000, 0x0000000100000000)
  region size 1024K, 3 young (3072K), 3 survivors (3072K)
 Metaspace       used 115106K, capacity 117940K, committed 118272K, reserved 1150976K
  class space    used 14927K, capacity 16004K, committed 16128K, reserved 1048576K
GC Heap History (20 events):
Event: 65.265 GC heap after
{Heap after GC invocations=27 (full 0):
 garbage-first heap   total 273408K, used 137545K [0x0000000080000000, 0x0000000100000000)
  region size 1024K, 13 young (13312K), 13 survivors (13312K)
 Metaspace       used 108969K, capacity 111406K, committed 111488K, reserved 1146880K
  class space    used 13977K, capacity 14914K, committed 14976K, reserved 1048576K
}
Event: 67.169 GC heap before
{Heap before GC invocations=28 (full 0):
 garbage-first heap   total 273408K, used 213321K [0x0000000080000000, 0x0000000100000000)
  region size 1024K, 62 young (63488K), 13 survivors (13312K)
 Metaspace       used 109285K, capacity 111780K, committed 112000K, reserved 1146880K
  class space    used 14013K, capacity 14953K, committed 14976K, reserved 1048576K
}
Event: 67.390 GC heap after
{Heap after GC invocations=29 (full 0):
 garbage-first heap   total 273408K, used 164133K [0x0000000080000000, 0x0000000100000000)
  region size 1024K, 12 young (12288K), 12 survivors (12288K)
 Metaspace       used 109285K, capacity 111780K, committed 112000K, reserved 1146880K
  class space    used 14013K, capacity 14953K, committed 14976K, reserved 1048576K
}
Event: 70.096 GC heap before
{Heap before GC invocations=30 (full 0):
 garbage-first heap   total 273408K, used 215333K [0x0000000080000000, 0x0000000100000000)
  region size 1024K, 61 young (62464K), 12 survivors (12288K)
 Metaspace       used 111558K, capacity 114116K, committed 114304K, reserved 1148928K
  class space    used 14463K, capacity 15433K, committed 15488K, reserved 1048576K
}
Event: 70.298 GC heap after
{Heap after GC invocations=31 (full 0):
 garbage-first heap   total 273408K, used 185344K [0x0000000080000000, 0x0000000100000000)
  region size 1024K, 8 young (8192K), 8 survivors (8192K)
 Metaspace       used 111558K, capacity 114116K, committed 114304K, reserved 1148928K
  class space    used 14463K, capacity 15433K, committed 15488K, reserved 1048576K
}
Event: 71.495 GC heap before
{Heap before GC invocations=31 (full 0):
 garbage-first heap   total 273408K, used 219136K [0x0000000080000000, 0x0000000100000000)
  region size 1024K, 42 young (43008K), 8 survivors (8192K)
 Metaspace       used 111626K, capacity 114184K, committed 114304K, reserved 1148928K
  class space    used 14463K, capacity 15433K, committed 15488K, reserved 1048576K
}
Event: 71.700 GC heap after
{Heap after GC invocations=32 (full 0):
 garbage-first heap   total 273408K, used 203776K [0x0000000080000000, 0x0000000100000000)
  region size 1024K, 6 young (6144K), 6 survivors (6144K)
 Metaspace       used 111626K, capacity 114184K, committed 114304K, reserved 1148928K
  class space    used 14463K, capacity 15433K, committed 15488K, reserved 1048576K
}
Event: 72.958 GC heap before
{Heap before GC invocations=32 (full 0):
 garbage-first heap   total 273408K, used 225280K [0x0000000080000000, 0x0000000100000000)
  region size 1024K, 27 young (27648K), 6 survivors (6144K)
 Metaspace       used 111637K, capacity 114184K, committed 114304K, reserved 1148928K
  class space    used 14463K, capacity 15433K, committed 15488K, reserved 1048576K
}
Event: 73.065 GC heap after
{Heap after GC invocations=33 (full 0):
 garbage-first heap   total 273408K, used 215552K [0x0000000080000000, 0x0000000100000000)
  region size 1024K, 4 young (4096K), 4 survivors (4096K)
 Metaspace       used 111637K, capacity 114184K, committed 114304K, reserved 1148928K
  class space    used 14463K, capacity 15433K, committed 15488K, reserved 1048576K
}
Event: 74.017 GC heap before
{Heap before GC invocations=33 (full 0):
 garbage-first heap   total 273408K, used 229888K [0x0000000080000000, 0x0000000100000000)
  region size 1024K, 18 young (18432K), 4 survivors (4096K)
 Metaspace       used 111651K, capacity 114184K, committed 114304K, reserved 1148928K
  class space    used 14464K, capacity 15433K, committed 15488K, reserved 1048576K
}
Event: 74.091 GC heap after
{Heap after GC invocations=34 (full 0):
 garbage-first heap   total 390144K, used 223744K [0x0000000080000000, 0x0000000100000000)
  region size 1024K, 3 young (3072K), 3 survivors (3072K)
 Metaspace       used 111651K, capacity 114184K, committed 114304K, reserved 1148928K
  class space    used 14464K, capacity 15433K, committed 15488K, reserved 1048576K
}
Event: 76.556 GC heap before
{Heap before GC invocations=35 (full 0):
 garbage-first heap   total 390144K, used 269824K [0x0000000080000000, 0x0000000100000000)
  region size 1024K, 48 young (49152K), 3 survivors (3072K)
 Metaspace       used 113702K, capacity 116340K, committed 116352K, reserved 1150976K
  class space    used 14739K, capacity 15740K, committed 15744K, reserved 1048576K
}
Event: 76.643 GC heap after
{Heap after GC invocations=36 (full 0):
 garbage-first heap   total 390144K, used 240640K [0x0000000080000000, 0x0000000100000000)
  region size 1024K, 6 young (6144K), 6 survivors (6144K)
 Metaspace       used 113702K, capacity 116340K, committed 116352K, reserved 1150976K
  class space    used 14739K, capacity 15740K, committed 15744K, reserved 1048576K
}
Event: 78.245 GC heap before
{Heap before GC invocations=36 (full 0):
 garbage-first heap   total 390144K, used 281600K [0x0000000080000000, 0x0000000100000000)
  region size 1024K, 46 young (47104K), 6 survivors (6144K)
 Metaspace       used 114523K, capacity 117301K, committed 117376K, reserved 1150976K
  class space    used 14867K, capacity 15931K, committed 16000K, reserved 1048576K
}
Event: 78.368 GC heap after
{Heap after GC invocations=37 (full 0):
 garbage-first heap   total 390144K, used 247574K [0x0000000080000000, 0x0000000100000000)
  region size 1024K, 6 young (6144K), 6 survivors (6144K)
 Metaspace       used 114523K, capacity 117301K, committed 117376K, reserved 1150976K
  class space    used 14867K, capacity 15931K, committed 16000K, reserved 1048576K
}
Event: 81.773 GC heap before
{Heap before GC invocations=38 (full 0):
 garbage-first heap   total 390144K, used 282390K [0x0000000080000000, 0x0000000100000000)
  region size 1024K, 52 young (53248K), 6 survivors (6144K)
 Metaspace       used 115092K, capacity 117939K, committed 118272K, reserved 1150976K
  class space    used 14927K, capacity 16004K, committed 16128K, reserved 1048576K
}
Event: 81.867 GC heap after
{Heap after GC invocations=39 (full 0):
 garbage-first heap   total 390144K, used 239035K [0x0000000080000000, 0x0000000100000000)
  region size 1024K, 5 young (5120K), 5 survivors (5120K)
 Metaspace       used 115092K, capacity 117939K, committed 118272K, reserved 1150976K
  class space    used 14927K, capacity 16004K, committed 16128K, reserved 1048576K
}
Event: 82.822 GC heap before
{Heap before GC invocations=39 (full 0):
 garbage-first heap   total 390144K, used 257467K [0x0000000080000000, 0x0000000100000000)
  region size 1024K, 19 young (19456K), 5 survivors (5120K)
 Metaspace       used 115105K, capacity 117940K, committed 118272K, reserved 1150976K
  class space    used 14927K, capacity 16004K, committed 16128K, reserved 1048576K
}
Event: 82.943 GC heap after
{Heap after GC invocations=40 (full 0):
 garbage-first heap   total 390144K, used 236477K [0x0000000080000000, 0x0000000100000000)
  region size 1024K, 2 young (2048K), 2 survivors (2048K)
 Metaspace       used 115105K, capacity 117940K, committed 118272K, reserved 1150976K
  class space    used 14927K, capacity 16004K, committed 16128K, reserved 1048576K
}
Event: 83.109 GC heap before
{Heap before GC invocations=40 (full 0):
 garbage-first heap   total 390144K, used 238525K [0x0000000080000000, 0x0000000100000000)
  region size 1024K, 5 young (5120K), 2 survivors (2048K)
 Metaspace       used 115106K, capacity 117940K, committed 118272K, reserved 1150976K
  class space    used 14927K, capacity 16004K, committed 16128K, reserved 1048576K
}

