# JRE version: OpenJDK Runtime Environment (11.0.12+7) (build 11.0.12+7-b1504.28-7817840)
# Java VM: OpenJDK 64-Bit Server VM (11.0.12+7-b1504.28-7817840, mixed mode, tiered, compressed oops, g1 gc, windows-amd64)
Heap:
 garbage-first heap   total 558080K, used 232298K [0x0000000080000000, 0x0000000100000000)
  region size 1024K, 9 young (9216K), 9 survivors (9216K)
 Metaspace       used 155778K, capacity 159899K, committed 160252K, reserved 1189888K
  class space    used 19083K, capacity 20687K, committed 20812K, reserved 1048576K
GC Heap History (20 events):
Event: 338.631 GC heap after
{Heap after GC invocations=109 (full 0):
 garbage-first heap   total 419840K, used 173714K [0x0000000080000000, 0x0000000100000000)
  region size 1024K, 8 young (8192K), 8 survivors (8192K)
 Metaspace       used 155620K, capacity 159781K, committed 159868K, reserved 1187840K
  class space    used 19079K, capacity 20680K, committed 20684K, reserved 1048576K
}
Event: 342.313 GC heap before
{Heap before GC invocations=109 (full 0):
 garbage-first heap   total 419840K, used 362130K [0x0000000080000000, 0x0000000100000000)
  region size 1024K, 191 young (195584K), 8 survivors (8192K)
 Metaspace       used 155729K, capacity 159880K, committed 160124K, reserved 1189888K
  class space    used 19080K, capacity 20682K, committed 20684K, reserved 1048576K
}
Event: 342.388 GC heap after
{Heap after GC invocations=110 (full 0):
 garbage-first heap   total 419840K, used 187557K [0x0000000080000000, 0x0000000100000000)
  region size 1024K, 20 young (20480K), 20 survivors (20480K)
 Metaspace       used 155729K, capacity 159880K, committed 160124K, reserved 1189888K
  class space    used 19080K, capacity 20682K, committed 20684K, reserved 1048576K
}
Event: 344.170 GC heap before
{Heap before GC invocations=110 (full 0):
 garbage-first heap   total 419840K, used 356517K [0x0000000080000000, 0x0000000100000000)
  region size 1024K, 185 young (189440K), 20 survivors (20480K)
 Metaspace       used 155732K, capacity 159880K, committed 160124K, reserved 1189888K
  class space    used 19080K, capacity 20682K, committed 20684K, reserved 1048576K
}
Event: 344.374 GC heap after
{Heap after GC invocations=111 (full 0):
 garbage-first heap   total 419840K, used 209553K [0x0000000080000000, 0x0000000100000000)
  region size 1024K, 24 young (24576K), 24 survivors (24576K)
 Metaspace       used 155732K, capacity 159880K, committed 160124K, reserved 1189888K
  class space    used 19080K, capacity 20682K, committed 20684K, reserved 1048576K
}
Event: 345.729 GC heap before
{Heap before GC invocations=111 (full 0):
 garbage-first heap   total 419840K, used 344721K [0x0000000080000000, 0x0000000100000000)
  region size 1024K, 156 young (159744K), 24 survivors (24576K)
 Metaspace       used 155736K, capacity 159882K, committed 160124K, reserved 1189888K
  class space    used 19080K, capacity 20682K, committed 20684K, reserved 1048576K
}
Event: 345.891 GC heap after
{Heap after GC invocations=112 (full 0):
 garbage-first heap   total 419840K, used 218567K [0x0000000080000000, 0x0000000100000000)
  region size 1024K, 10 young (10240K), 10 survivors (10240K)
 Metaspace       used 155736K, capacity 159882K, committed 160124K, reserved 1189888K
  class space    used 19080K, capacity 20682K, committed 20684K, reserved 1048576K
}
Event: 347.199 GC heap before
{Heap before GC invocations=112 (full 0):
 garbage-first heap   total 419840K, used 347591K [0x0000000080000000, 0x0000000100000000)
  region size 1024K, 136 young (139264K), 10 survivors (10240K)
 Metaspace       used 155737K, capacity 159882K, committed 160124K, reserved 1189888K
  class space    used 19080K, capacity 20682K, committed 20684K, reserved 1048576K
}
Event: 347.297 GC heap after
{Heap after GC invocations=113 (full 0):
 garbage-first heap   total 493568K, used 226304K [0x0000000080000000, 0x0000000100000000)
  region size 1024K, 17 young (17408K), 17 survivors (17408K)
 Metaspace       used 155737K, capacity 159882K, committed 160124K, reserved 1189888K
  class space    used 19080K, capacity 20682K, committed 20684K, reserved 1048576K
}
Event: 350.562 GC heap before
{Heap before GC invocations=113 (full 0):
 garbage-first heap   total 493568K, used 387072K [0x0000000080000000, 0x0000000100000000)
  region size 1024K, 174 young (178176K), 17 survivors (17408K)
 Metaspace       used 155741K, capacity 159882K, committed 160124K, reserved 1189888K
  class space    used 19080K, capacity 20682K, committed 20684K, reserved 1048576K
}
Event: 350.686 GC heap after
{Heap after GC invocations=114 (full 0):
 garbage-first heap   total 493568K, used 228081K [0x0000000080000000, 0x0000000100000000)
  region size 1024K, 11 young (11264K), 11 survivors (11264K)
 Metaspace       used 155741K, capacity 159882K, committed 160124K, reserved 1189888K
  class space    used 19080K, capacity 20682K, committed 20684K, reserved 1048576K
}
Event: 352.550 GC heap before
{Heap before GC invocations=114 (full 0):
 garbage-first heap   total 493568K, used 391921K [0x0000000080000000, 0x0000000100000000)
  region size 1024K, 171 young (175104K), 11 survivors (11264K)
 Metaspace       used 155751K, capacity 159883K, committed 160124K, reserved 1189888K
  class space    used 19080K, capacity 20682K, committed 20684K, reserved 1048576K
}
Event: 352.618 GC heap after
{Heap after GC invocations=115 (full 0):
 garbage-first heap   total 493568K, used 228593K [0x0000000080000000, 0x0000000100000000)
  region size 1024K, 11 young (11264K), 11 survivors (11264K)
 Metaspace       used 155751K, capacity 159883K, committed 160124K, reserved 1189888K
  class space    used 19080K, capacity 20682K, committed 20684K, reserved 1048576K
}
Event: 354.264 GC heap before
{Heap before GC invocations=115 (full 0):
 garbage-first heap   total 493568K, used 397553K [0x0000000080000000, 0x0000000100000000)
  region size 1024K, 176 young (180224K), 11 survivors (11264K)
 Metaspace       used 155755K, capacity 159884K, committed 160124K, reserved 1189888K
  class space    used 19080K, capacity 20682K, committed 20684K, reserved 1048576K
}
Event: 354.334 GC heap after
{Heap after GC invocations=116 (full 0):
 garbage-first heap   total 493568K, used 229105K [0x0000000080000000, 0x0000000100000000)
  region size 1024K, 12 young (12288K), 12 survivors (12288K)
 Metaspace       used 155755K, capacity 159884K, committed 160124K, reserved 1189888K
  class space    used 19080K, capacity 20682K, committed 20684K, reserved 1048576K
}
Event: 355.999 GC heap before
{Heap before GC invocations=116 (full 0):
 garbage-first heap   total 493568K, used 402161K [0x0000000080000000, 0x0000000100000000)
  region size 1024K, 181 young (185344K), 12 survivors (12288K)
 Metaspace       used 155757K, capacity 159884K, committed 160124K, reserved 1189888K
  class space    used 19080K, capacity 20682K, committed 20684K, reserved 1048576K
}
Event: 356.090 GC heap after
{Heap after GC invocations=117 (full 0):
 garbage-first heap   total 493568K, used 229617K [0x0000000080000000, 0x0000000100000000)
  region size 1024K, 12 young (12288K), 12 survivors (12288K)
 Metaspace       used 155757K, capacity 159884K, committed 160124K, reserved 1189888K
  class space    used 19080K, capacity 20682K, committed 20684K, reserved 1048576K
}
Event: 357.961 GC heap before
{Heap before GC invocations=117 (full 0):
 garbage-first heap   total 493568K, used 406769K [0x0000000080000000, 0x0000000100000000)
  region size 1024K, 185 young (189440K), 12 survivors (12288K)
 Metaspace       used 155767K, capacity 159888K, committed 160124K, reserved 1189888K
  class space    used 19081K, capacity 20683K, committed 20684K, reserved 1048576K
}
Event: 358.076 GC heap after
{Heap after GC invocations=118 (full 0):
 garbage-first heap   total 493568K, used 232689K [0x0000000080000000, 0x0000000100000000)
  region size 1024K, 15 young (15360K), 15 survivors (15360K)
 Metaspace       used 155767K, capacity 159888K, committed 160124K, reserved 1189888K
  class space    used 19081K, capacity 20683K, committed 20684K, reserved 1048576K
}
Event: 359.804 GC heap before
{Heap before GC invocations=118 (full 0):
 garbage-first heap   total 493568K, used 410865K [0x0000000080000000, 0x0000000100000000)
  region size 1024K, 189 young (193536K), 15 survivors (15360K)
 Metaspace       used 155778K, capacity 159899K, committed 160252K, reserved 1189888K
  class space    used 19083K, capacity 20687K, committed 20812K, reserved 1048576K
}

