# JRE version: OpenJDK Runtime Environment (11.0.12+7) (build 11.0.12+7-b1504.28-7817840)
# Java VM: OpenJDK 64-Bit Server VM (11.0.12+7-b1504.28-7817840, mixed mode, tiered, compressed oops, g1 gc, windows-amd64)
Heap:
 garbage-first heap   total 348160K, used 298988K [0x0000000080000000, 0x0000000100000000)
  region size 1024K, 12 young (12288K), 3 survivors (3072K)
 Metaspace       used 278523K, capacity 284711K, committed 284860K, reserved 1298432K
  class space    used 34733K, capacity 36934K, committed 36964K, reserved 1048576K
GC Heap History (20 events):
Event: 4028.053 GC heap before
{Heap before GC invocations=199 (full 0):
 garbage-first heap   total 348160K, used 302320K [0x0000000080000000, 0x0000000100000000)
  region size 1024K, 30 young (30720K), 3 survivors (3072K)
 Metaspace       used 261015K, capacity 267053K, committed 267196K, reserved 1282048K
  class space    used 32250K, capacity 34381K, committed 34404K, reserved 1048576K
}
Event: 4028.072 GC heap after
{Heap after GC invocations=200 (full 0):
 garbage-first heap   total 348160K, used 278207K [0x0000000080000000, 0x0000000100000000)
  region size 1024K, 4 young (4096K), 4 survivors (4096K)
 Metaspace       used 261015K, capacity 267053K, committed 267196K, reserved 1282048K
  class space    used 32250K, capacity 34381K, committed 34404K, reserved 1048576K
}
Event: 4029.167 GC heap before
{Heap before GC invocations=200 (full 0):
 garbage-first heap   total 348160K, used 304831K [0x0000000080000000, 0x0000000100000000)
  region size 1024K, 30 young (30720K), 4 survivors (4096K)
 Metaspace       used 263576K, capacity 269615K, committed 269628K, reserved 1284096K
  class space    used 32619K, capacity 34784K, committed 34788K, reserved 1048576K
}
Event: 4029.191 GC heap after
{Heap after GC invocations=201 (full 0):
 garbage-first heap   total 348160K, used 279608K [0x0000000080000000, 0x0000000100000000)
  region size 1024K, 2 young (2048K), 2 survivors (2048K)
 Metaspace       used 263576K, capacity 269615K, committed 269628K, reserved 1284096K
  class space    used 32619K, capacity 34784K, committed 34788K, reserved 1048576K
}
Event: 4030.090 GC heap before
{Heap before GC invocations=202 (full 0):
 garbage-first heap   total 348160K, used 304184K [0x0000000080000000, 0x0000000100000000)
  region size 1024K, 27 young (27648K), 2 survivors (2048K)
 Metaspace       used 265777K, capacity 271924K, committed 272060K, reserved 1286144K
  class space    used 32901K, capacity 35083K, committed 35172K, reserved 1048576K
}
Event: 4030.108 GC heap after
{Heap after GC invocations=203 (full 0):
 garbage-first heap   total 348160K, used 281237K [0x0000000080000000, 0x0000000100000000)
  region size 1024K, 3 young (3072K), 3 survivors (3072K)
 Metaspace       used 265777K, capacity 271924K, committed 272060K, reserved 1286144K
  class space    used 32901K, capacity 35083K, committed 35172K, reserved 1048576K
}
Event: 4030.692 GC heap before
{Heap before GC invocations=203 (full 0):
 garbage-first heap   total 348160K, used 295573K [0x0000000080000000, 0x0000000100000000)
  region size 1024K, 17 young (17408K), 3 survivors (3072K)
 Metaspace       used 267827K, capacity 273986K, committed 274236K, reserved 1288192K
  class space    used 33278K, capacity 35474K, committed 35556K, reserved 1048576K
}
Event: 4030.717 GC heap after
{Heap after GC invocations=204 (full 0):
 garbage-first heap   total 348160K, used 281153K [0x0000000080000000, 0x0000000100000000)
  region size 1024K, 1 young (1024K), 1 survivors (1024K)
 Metaspace       used 267827K, capacity 273986K, committed 274236K, reserved 1288192K
  class space    used 33278K, capacity 35474K, committed 35556K, reserved 1048576K
}
Event: 4031.568 GC heap before
{Heap before GC invocations=204 (full 0):
 garbage-first heap   total 348160K, used 306753K [0x0000000080000000, 0x0000000100000000)
  region size 1024K, 26 young (26624K), 1 survivors (1024K)
 Metaspace       used 270676K, capacity 276829K, committed 276924K, reserved 1290240K
  class space    used 33744K, capacity 35930K, committed 35940K, reserved 1048576K
}
Event: 4031.591 GC heap after
{Heap after GC invocations=205 (full 0):
 garbage-first heap   total 348160K, used 282751K [0x0000000080000000, 0x0000000100000000)
  region size 1024K, 3 young (3072K), 3 survivors (3072K)
 Metaspace       used 270676K, capacity 276829K, committed 276924K, reserved 1290240K
  class space    used 33744K, capacity 35930K, committed 35940K, reserved 1048576K
}
Event: 4032.484 GC heap before
{Heap before GC invocations=205 (full 0):
 garbage-first heap   total 348160K, used 307327K [0x0000000080000000, 0x0000000100000000)
  region size 1024K, 27 young (27648K), 3 survivors (3072K)
 Metaspace       used 272611K, capacity 278770K, committed 278972K, reserved 1292288K
  class space    used 34000K, capacity 36193K, committed 36196K, reserved 1048576K
}
Event: 4032.507 GC heap after
{Heap after GC invocations=206 (full 0):
 garbage-first heap   total 348160K, used 284632K [0x0000000080000000, 0x0000000100000000)
  region size 1024K, 4 young (4096K), 4 survivors (4096K)
 Metaspace       used 272611K, capacity 278770K, committed 278972K, reserved 1292288K
  class space    used 34000K, capacity 36193K, committed 36196K, reserved 1048576K
}
Event: 4033.420 GC heap before
{Heap before GC invocations=206 (full 0):
 garbage-first heap   total 348160K, used 307160K [0x0000000080000000, 0x0000000100000000)
  region size 1024K, 26 young (26624K), 4 survivors (4096K)
 Metaspace       used 274633K, capacity 280810K, committed 281148K, reserved 1294336K
  class space    used 34275K, capacity 36488K, committed 36580K, reserved 1048576K
}
Event: 4033.444 GC heap after
{Heap after GC invocations=207 (full 0):
 garbage-first heap   total 348160K, used 286075K [0x0000000080000000, 0x0000000100000000)
  region size 1024K, 4 young (4096K), 4 survivors (4096K)
 Metaspace       used 274633K, capacity 280810K, committed 281148K, reserved 1294336K
  class space    used 34275K, capacity 36488K, committed 36580K, reserved 1048576K
}
Event: 4034.262 GC heap before
{Heap before GC invocations=208 (full 0):
 garbage-first heap   total 348160K, used 307579K [0x0000000080000000, 0x0000000100000000)
  region size 1024K, 25 young (25600K), 4 survivors (4096K)
 Metaspace       used 276481K, capacity 282655K, committed 282940K, reserved 1296384K
  class space    used 34570K, capacity 36793K, committed 36836K, reserved 1048576K
}
Event: 4034.288 GC heap after
{Heap after GC invocations=209 (full 0):
 garbage-first heap   total 348160K, used 287438K [0x0000000080000000, 0x0000000100000000)
  region size 1024K, 3 young (3072K), 3 survivors (3072K)
 Metaspace       used 276481K, capacity 282655K, committed 282940K, reserved 1296384K
  class space    used 34570K, capacity 36793K, committed 36836K, reserved 1048576K
}
Event: 4034.687 GC heap before
{Heap before GC invocations=209 (full 0):
 garbage-first heap   total 348160K, used 300750K [0x0000000080000000, 0x0000000100000000)
  region size 1024K, 17 young (17408K), 3 survivors (3072K)
 Metaspace       used 277331K, capacity 283499K, committed 283836K, reserved 1296384K
  class space    used 34656K, capacity 36859K, committed 36964K, reserved 1048576K
}
Event: 4034.714 GC heap after
{Heap after GC invocations=210 (full 0):
 garbage-first heap   total 348160K, used 288936K [0x0000000080000000, 0x0000000100000000)
  region size 1024K, 3 young (3072K), 3 survivors (3072K)
 Metaspace       used 277331K, capacity 283499K, committed 283836K, reserved 1296384K
  class space    used 34656K, capacity 36859K, committed 36964K, reserved 1048576K
}
Event: 4035.445 GC heap before
{Heap before GC invocations=210 (full 0):
 garbage-first heap   total 348160K, used 306344K [0x0000000080000000, 0x0000000100000000)
  region size 1024K, 21 young (21504K), 3 survivors (3072K)
 Metaspace       used 278489K, capacity 284699K, committed 284860K, reserved 1298432K
  class space    used 34729K, capacity 36932K, committed 36964K, reserved 1048576K
}
Event: 4035.473 GC heap after
{Heap after GC invocations=211 (full 0):
 garbage-first heap   total 348160K, used 291820K [0x0000000080000000, 0x0000000100000000)
  region size 1024K, 3 young (3072K), 3 survivors (3072K)
 Metaspace       used 278489K, capacity 284699K, committed 284860K, reserved 1298432K
  class space    used 34729K, capacity 36932K, committed 36964K, reserved 1048576K
}

