# JRE version: OpenJDK Runtime Environment (11.0.12+7) (build 11.0.12+7-b1504.28-7817840)
# Java VM: OpenJDK 64-Bit Server VM (11.0.12+7-b1504.28-7817840, mixed mode, tiered, compressed oops, g1 gc, windows-amd64)
Heap:
 garbage-first heap   total 506880K, used 263680K [0x0000000080000000, 0x0000000100000000)
  region size 1024K, 7 young (7168K), 7 survivors (7168K)
 Metaspace       used 121483K, capacity 124633K, committed 124904K, reserved 1157120K
  class space    used 15474K, capacity 16695K, committed 16800K, reserved 1048576K
GC Heap History (20 events):
Event: 112.305 GC heap after
{Heap after GC invocations=49 (full 0):
 garbage-first heap   total 328704K, used 146432K [0x0000000080000000, 0x0000000100000000)
  region size 1024K, 4 young (4096K), 4 survivors (4096K)
 Metaspace       used 119063K, capacity 122194K, committed 122344K, reserved 1155072K
  class space    used 15223K, capacity 16430K, committed 16544K, reserved 1048576K
}
Event: 115.245 GC heap before
{Heap before GC invocations=49 (full 0):
 garbage-first heap   total 328704K, used 280576K [0x0000000080000000, 0x0000000100000000)
  region size 1024K, 135 young (138240K), 4 survivors (4096K)
 Metaspace       used 119123K, capacity 122229K, committed 122344K, reserved 1155072K
  class space    used 15235K, capacity 16463K, committed 16544K, reserved 1048576K
}
Event: 115.270 GC heap after
{Heap after GC invocations=50 (full 0):
 garbage-first heap   total 328704K, used 147142K [0x0000000080000000, 0x0000000100000000)
  region size 1024K, 5 young (5120K), 5 survivors (5120K)
 Metaspace       used 119123K, capacity 122229K, committed 122344K, reserved 1155072K
  class space    used 15235K, capacity 16463K, committed 16544K, reserved 1048576K
}
Event: 118.336 GC heap before
{Heap before GC invocations=50 (full 0):
 garbage-first heap   total 328704K, used 280262K [0x0000000080000000, 0x0000000100000000)
  region size 1024K, 135 young (138240K), 5 survivors (5120K)
 Metaspace       used 119137K, capacity 122232K, committed 122344K, reserved 1155072K
  class space    used 15236K, capacity 16464K, committed 16544K, reserved 1048576K
}
Event: 118.372 GC heap after
{Heap after GC invocations=51 (full 0):
 garbage-first heap   total 328704K, used 148083K [0x0000000080000000, 0x0000000100000000)
  region size 1024K, 6 young (6144K), 6 survivors (6144K)
 Metaspace       used 119137K, capacity 122232K, committed 122344K, reserved 1155072K
  class space    used 15236K, capacity 16464K, committed 16544K, reserved 1048576K
}
Event: 121.239 GC heap before
{Heap before GC invocations=51 (full 0):
 garbage-first heap   total 328704K, used 282227K [0x0000000080000000, 0x0000000100000000)
  region size 1024K, 137 young (140288K), 6 survivors (6144K)
 Metaspace       used 119162K, capacity 122296K, committed 122600K, reserved 1155072K
  class space    used 15236K, capacity 16464K, committed 16544K, reserved 1048576K
}
Event: 121.283 GC heap after
{Heap after GC invocations=52 (full 0):
 garbage-first heap   total 328704K, used 148724K [0x0000000080000000, 0x0000000100000000)
  region size 1024K, 7 young (7168K), 7 survivors (7168K)
 Metaspace       used 119162K, capacity 122296K, committed 122600K, reserved 1155072K
  class space    used 15236K, capacity 16464K, committed 16544K, reserved 1048576K
}
Event: 124.430 GC heap before
{Heap before GC invocations=52 (full 0):
 garbage-first heap   total 328704K, used 283892K [0x0000000080000000, 0x0000000100000000)
  region size 1024K, 139 young (142336K), 7 survivors (7168K)
 Metaspace       used 119191K, capacity 122309K, committed 122600K, reserved 1155072K
  class space    used 15241K, capacity 16469K, committed 16544K, reserved 1048576K
}
Event: 124.476 GC heap after
{Heap after GC invocations=53 (full 0):
 garbage-first heap   total 328704K, used 149321K [0x0000000080000000, 0x0000000100000000)
  region size 1024K, 7 young (7168K), 7 survivors (7168K)
 Metaspace       used 119191K, capacity 122309K, committed 122600K, reserved 1155072K
  class space    used 15241K, capacity 16469K, committed 16544K, reserved 1048576K
}
Event: 127.348 GC heap before
{Heap before GC invocations=53 (full 0):
 garbage-first heap   total 328704K, used 238409K [0x0000000080000000, 0x0000000100000000)
  region size 1024K, 90 young (92160K), 7 survivors (7168K)
 Metaspace       used 119549K, capacity 122623K, committed 122856K, reserved 1155072K
  class space    used 15270K, capacity 16483K, committed 16544K, reserved 1048576K
}
Event: 127.435 GC heap after
{Heap after GC invocations=54 (full 0):
 garbage-first heap   total 328704K, used 151474K [0x0000000080000000, 0x0000000100000000)
  region size 1024K, 5 young (5120K), 5 survivors (5120K)
 Metaspace       used 119549K, capacity 122623K, committed 122856K, reserved 1155072K
  class space    used 15270K, capacity 16483K, committed 16544K, reserved 1048576K
}
Event: 132.467 GC heap before
{Heap before GC invocations=55 (full 0):
 garbage-first heap   total 328704K, used 324530K [0x0000000080000000, 0x0000000100000000)
  region size 1024K, 135 young (138240K), 5 survivors (5120K)
 Metaspace       used 121240K, capacity 124383K, committed 124648K, reserved 1157120K
  class space    used 15457K, capacity 16679K, committed 16800K, reserved 1048576K
}
Event: 132.663 GC heap after
{Heap after GC invocations=56 (full 0):
 garbage-first heap   total 368640K, used 211612K [0x0000000080000000, 0x0000000100000000)
  region size 1024K, 17 young (17408K), 17 survivors (17408K)
 Metaspace       used 121240K, capacity 124383K, committed 124648K, reserved 1157120K
  class space    used 15457K, capacity 16679K, committed 16800K, reserved 1048576K
}
Event: 132.793 GC heap before
{Heap before GC invocations=56 (full 0):
 garbage-first heap   total 368640K, used 212636K [0x0000000080000000, 0x0000000100000000)
  region size 1024K, 18 young (18432K), 17 survivors (17408K)
 Metaspace       used 121243K, capacity 124383K, committed 124648K, reserved 1157120K
  class space    used 15457K, capacity 16679K, committed 16800K, reserved 1048576K
}
Event: 132.894 GC heap after
{Heap after GC invocations=57 (full 0):
 garbage-first heap   total 368640K, used 207845K [0x0000000080000000, 0x0000000100000000)
  region size 1024K, 2 young (2048K), 2 survivors (2048K)
 Metaspace       used 121243K, capacity 124383K, committed 124648K, reserved 1157120K
  class space    used 15457K, capacity 16679K, committed 16800K, reserved 1048576K
}
Event: 133.304 GC heap before
{Heap before GC invocations=57 (full 0):
 garbage-first heap   total 368640K, used 223205K [0x0000000080000000, 0x0000000100000000)
  region size 1024K, 18 young (18432K), 2 survivors (2048K)
 Metaspace       used 121327K, capacity 124462K, committed 124648K, reserved 1157120K
  class space    used 15467K, capacity 16684K, committed 16800K, reserved 1048576K
}
Event: 133.370 GC heap after
{Heap after GC invocations=58 (full 0):
 garbage-first heap   total 368640K, used 210432K [0x0000000080000000, 0x0000000100000000)
  region size 1024K, 3 young (3072K), 3 survivors (3072K)
 Metaspace       used 121327K, capacity 124462K, committed 124648K, reserved 1157120K
  class space    used 15467K, capacity 16684K, committed 16800K, reserved 1048576K
}
Event: 135.445 GC heap before
{Heap before GC invocations=58 (full 0):
 garbage-first heap   total 368640K, used 295424K [0x0000000080000000, 0x0000000100000000)
  region size 1024K, 87 young (89088K), 3 survivors (3072K)
 Metaspace       used 121366K, capacity 124464K, committed 124648K, reserved 1157120K
  class space    used 15467K, capacity 16684K, committed 16800K, reserved 1048576K
}
Event: 135.718 GC heap after
{Heap after GC invocations=59 (full 0):
 garbage-first heap   total 368640K, used 255409K [0x0000000080000000, 0x0000000100000000)
  region size 1024K, 11 young (11264K), 11 survivors (11264K)
 Metaspace       used 121366K, capacity 124464K, committed 124648K, reserved 1157120K
  class space    used 15467K, capacity 16684K, committed 16800K, reserved 1048576K
}
Event: 138.418 GC heap before
{Heap before GC invocations=59 (full 0):
 garbage-first heap   total 368640K, used 296369K [0x0000000080000000, 0x0000000100000000)
  region size 1024K, 52 young (53248K), 11 survivors (11264K)
 Metaspace       used 121483K, capacity 124633K, committed 124904K, reserved 1157120K
  class space    used 15474K, capacity 16695K, committed 16800K, reserved 1048576K
}

